<?xml version="1.0" encoding="UTF-8" ?>
<testsuite tests="8" failures="0" name="utils.ConversionTest" time="0.228" errors="0" skipped="0">
  <properties>
[...]
</properties>
  <testcase classname="utils.ConversionTest" name="format_deformatString" time="0.159"/>
  <testcase classname="utils.ConversionTest" name="binaryToDNA" time="0.001"/>
  <testcase classname="utils.ConversionTest" name="getExtensionFichier" time="0.001"/>
  <testcase classname="utils.ConversionTest" name="dnaToBinary" time="0.002"/>
  <testcase classname="utils.ConversionTest" name="encoder_decoderFichier" time="0.039"/>
  <testcase classname="utils.ConversionTest" name="stringToBinary" time="0.001"/>
  <testcase classname="utils.ConversionTest" name="encoder_decoderMessage" time="0.024"/>
  <testcase classname="utils.ConversionTest" name="binaryToString" time="0.001"/>
</testsuite>